2022/01/02 16:55:05 server.go:14: Sample
2022/01/02 16:56:22 server.go:14: Sample
2022/01/02 16:56:22 server.go:19: サーバーを起動しました
2022/01/04 21:09:44 server.go:14: Sample
2022/01/04 21:09:44 server.go:19: サーバーを起動しました
2022/01/04 21:22:17 server.go:15: Sample
2022/01/04 21:22:17 server.go:20: サーバーを起動しました
2022/01/04 21:22:43 ContactController.go:10: controller_test
2022/01/04 21:23:30 ContactController.go:10: controller_test
2022/01/04 21:23:31 ContactController.go:10: controller_test
2022/01/04 21:23:59 server.go:15: Sample
2022/01/04 21:23:59 server.go:20: サーバーを起動しました
2022/01/04 21:24:05 ContactController.go:10: ContactController_test
2022/01/04 21:40:59 server.go:15: Sample
2022/01/04 21:40:59 server.go:20: サーバーを起動しました
2022/01/04 21:45:21 server.go:15: Sample
2022/01/04 21:45:21 server.go:20: サーバーを起動しました
2022/01/04 21:46:02 server.go:15: Sample
2022/01/04 21:46:02 server.go:20: サーバーを起動しました
2022/01/04 21:46:44 server.go:15: Sample
2022/01/04 21:46:44 server.go:20: サーバーを起動しました
2022/01/04 21:47:01 server.go:15: Sample
2022/01/04 21:47:01 server.go:20: サーバーを起動しました
2022/01/04 21:47:13 server.go:15: Sample
2022/01/04 21:47:13 server.go:20: サーバーを起動しました
2022/01/04 21:49:22 server.go:15: Sample
2022/01/04 21:49:22 server.go:20: サーバーを起動しました
2022/01/04 21:52:01 server.go:15: Sample
2022/01/04 21:52:01 server.go:20: サーバーを起動しました
2022/01/04 21:53:07 server.go:15: Sample
2022/01/04 21:53:07 server.go:20: サーバーを起動しました
2022/01/04 21:55:58 server.go:15: Sample
2022/01/04 21:55:58 server.go:20: サーバーを起動しました
2022/01/05 02:09:34 server.go:15: Sample
2022/01/05 02:09:34 server.go:20: サーバーを起動しました
2022/01/05 02:10:22 RegisterController.go:10: ContactController_test
2022/01/05 02:11:11 RegisterController.go:10: ContactController_test
2022/01/05 23:17:02 RegisterController.go:10: ContactController_test
2022/01/05 23:17:40 server.go:15: Sample
2022/01/05 23:17:40 server.go:20: サーバーを起動しました
2022/01/05 23:17:59 RegisterController.go:10: ContactController_test
2022/01/05 23:20:14 server.go:15: Sample
2022/01/05 23:20:14 server.go:20: サーバーを起動しました
2022/01/05 23:21:29 server.go:15: Sample
2022/01/05 23:21:29 server.go:20: サーバーを起動しました
2022/01/05 23:23:10 server.go:15: Sample
2022/01/05 23:23:10 server.go:20: サーバーを起動しました
2022/01/05 23:24:43 server.go:15: Sample
2022/01/05 23:24:43 server.go:20: サーバーを起動しました
2022/01/05 23:26:57 server.go:15: Sample
2022/01/05 23:26:57 server.go:20: サーバーを起動しました
2022/01/05 23:28:21 server.go:15: Sample
2022/01/05 23:28:21 server.go:20: サーバーを起動しました1
2022/01/05 23:30:32 server.go:16: Sample
2022/01/05 23:30:32 server.go:21: サーバーを起動しました
2022/01/05 23:31:00 RegisterController.go:10: ContactController_test
2022/01/05 23:31:29 RegisterController.go:10: ContactController_test
2022/01/05 23:32:38 server.go:15: Sample
2022/01/05 23:32:38 server.go:20: サーバーを起動しました
2022/01/05 23:32:54 RegisterController.go:10: ContactController_test
2022/01/05 23:33:52 RegisterController.go:10: ContactController_test
2022/01/05 23:38:22 server.go:15: Sample
2022/01/05 23:38:22 server.go:20: サーバーを起動しました
2022/01/05 23:38:41 RegisterController.go:10: ContactController_test
2022/01/05 23:39:00 server.go:15: Sample
2022/01/05 23:39:00 server.go:20: サーバーを起動しました
2022/01/05 23:39:17 RegisterController.go:10: ContactController_test
2022/01/05 23:39:48 RegisterController.go:10: ContactController_test
2022/01/05 23:40:35 RegisterController.go:10: ContactController_test
2022/01/05 23:40:53 RegisterController.go:10: ContactController_test
2022/01/05 23:49:21 RegisterController.go:10: ContactController_test
2022/01/05 23:49:49 server.go:15: Sample
2022/01/05 23:49:49 server.go:20: サーバーを起動しました
2022/01/05 23:50:17 RegisterController.go:10: ContactController_test
2022/01/05 23:50:17 RegisterController.go:11: リダイレクトするで
2022/01/06 00:52:32 server.go:15: Sample
2022/01/06 00:52:32 server.go:20: サーバーを起動しました
2022/01/06 00:52:37 RegisterController.go:18: ContactController_test
2022/01/06 00:52:37 RegisterController.go:25: 
2022/01/06 00:52:37 RegisterController.go:27: 
2022/01/06 00:52:37 RegisterController.go:34: リダイレクトするで
2022/01/06 00:53:37 RegisterController.go:18: ContactController_test
2022/01/06 00:53:37 RegisterController.go:25: k@gmail.com
2022/01/06 00:53:37 RegisterController.go:27: pass1234
2022/01/06 00:53:37 RegisterController.go:34: リダイレクトするで
2022/01/06 00:55:01 RegisterController.go:18: ContactController_test
2022/01/06 00:55:01 RegisterController.go:25: k@gmail.com
2022/01/06 00:55:01 RegisterController.go:27: pass1234
2022/01/06 00:55:01 RegisterController.go:34: リダイレクトするで
2022/01/06 00:55:29 server.go:15: Sample
2022/01/06 00:55:29 server.go:20: サーバーを起動しました
2022/01/06 00:55:40 RegisterController.go:18: ContactController_test
2022/01/06 00:55:40 RegisterController.go:25: ユーザーメールk@gmail.com
2022/01/06 00:55:40 RegisterController.go:27: ユーザ-パスワードpass1234
2022/01/06 00:55:40 RegisterController.go:34: リダイレクトするで
2022/01/08 01:30:04 server.go:15: Sample
2022/01/08 01:30:04 server.go:20: サーバーを起動しました
2022/01/08 01:30:26 RegisterController.go:22: ContactController_test
2022/01/08 01:30:26 RegisterController.go:29: ユーザーメール:k@gmail.com
2022/01/08 01:30:26 RegisterController.go:31: ユーザ-パスワード:pass1234
2022/01/08 01:30:27 RegisterController.go:15: error
2022/01/08 01:30:27 RegisterController.go:38: リダイレクトするで
2022/01/08 01:36:58 RegisterController.go:22: ContactController_test
2022/01/08 01:36:58 RegisterController.go:29: ユーザーメール:k@gmail.com
2022/01/08 01:36:58 RegisterController.go:31: ユーザ-パスワード:pass1234
2022/01/08 01:36:58 RegisterController.go:15: error
2022/01/08 01:36:58 RegisterController.go:38: リダイレクトするで
2022/01/08 01:40:34 RegisterController.go:22: ContactController_test
2022/01/08 01:40:34 RegisterController.go:29: ユーザーメール:k@gmail.com
2022/01/08 01:40:34 RegisterController.go:31: ユーザ-パスワード:pass1234
2022/01/08 01:40:34 RegisterController.go:15: error
2022/01/08 01:40:34 RegisterController.go:38: リダイレクトするで
2022/01/08 01:42:25 RegisterController.go:22: ContactController_test
2022/01/08 01:42:25 RegisterController.go:29: ユーザーメール:k@gmail.com
2022/01/08 01:42:25 RegisterController.go:31: ユーザ-パスワード:pass1234
2022/01/08 01:42:25 RegisterController.go:15: error
2022/01/08 01:42:25 RegisterController.go:38: リダイレクトするで
2022/01/08 01:47:28 server.go:15: Sample
2022/01/08 01:47:28 server.go:20: サーバーを起動しました
2022/01/08 01:47:32 RegisterController.go:23: ContactController_test
2022/01/08 01:47:32 RegisterController.go:30: ユーザーメール:k@gmail.com
2022/01/08 01:47:32 RegisterController.go:32: ユーザ-パスワード:pass1234
2022/01/08 01:47:32 RegisterController.go:39: リダイレクトするで
2022/01/08 01:50:18 RegisterController.go:23: ContactController_test
2022/01/08 01:50:18 RegisterController.go:30: ユーザーメール:k@gmail.com
2022/01/08 01:50:18 RegisterController.go:32: ユーザ-パスワード:pass1234
2022/01/08 01:50:18 RegisterController.go:16: error
2022/01/08 01:50:18 RegisterController.go:39: リダイレクトするで
